C:\USERS\FLORIN\DESKTOP\SUPERCAT\SUPERCAT\DEBUG\MAIN.OBJ
C:\USERS\FLORIN\DESKTOP\SUPERCAT\SUPERCAT\DEBUG\VC110.PDB
C:\USERS\FLORIN\DESKTOP\SUPERCAT\SUPERCAT\DEBUG\OBJECTS.OBJ
C:\USERS\FLORIN\DESKTOP\SUPERCAT\SUPERCAT\DEBUG\CAT.OBJ
C:\USERS\FLORIN\DESKTOP\SUPERCAT\SUPERCAT\DEBUG\RAT.OBJ
C:\USERS\FLORIN\DESKTOP\SUPERCAT\DEBUG\SUPERCAT.ILK
C:\USERS\FLORIN\DESKTOP\SUPERCAT\DEBUG\SUPERCAT.EXE
C:\USERS\FLORIN\DESKTOP\SUPERCAT\DEBUG\SUPERCAT.PDB
C:\Users\Florin\Desktop\SuperCat\SuperCat\Debug\Cat.obj
C:\Users\Florin\Desktop\SuperCat\SuperCat\Debug\Main.obj
C:\Users\Florin\Desktop\SuperCat\SuperCat\Debug\Objects.obj
C:\Users\Florin\Desktop\SuperCat\SuperCat\Debug\Rat.obj
C:\Users\Florin\Desktop\SuperCat\SuperCat\Debug\Word.obj
C:\Users\Florin\Desktop\SuperCat\SuperCat\Debug\cl.command.1.tlog
C:\Users\Florin\Desktop\SuperCat\SuperCat\Debug\CL.read.1.tlog
C:\Users\Florin\Desktop\SuperCat\SuperCat\Debug\CL.write.1.tlog
C:\Users\Florin\Desktop\SuperCat\SuperCat\Debug\link-cvtres.read.1.tlog
C:\Users\Florin\Desktop\SuperCat\SuperCat\Debug\link-cvtres.write.1.tlog
C:\Users\Florin\Desktop\SuperCat\SuperCat\Debug\link-rc.read.1.tlog
C:\Users\Florin\Desktop\SuperCat\SuperCat\Debug\link-rc.write.1.tlog
C:\Users\Florin\Desktop\SuperCat\SuperCat\Debug\link.10272-cvtres.read.1.tlog
C:\Users\Florin\Desktop\SuperCat\SuperCat\Debug\link.10272-cvtres.write.1.tlog
C:\Users\Florin\Desktop\SuperCat\SuperCat\Debug\link.10272-rc.read.1.tlog
C:\Users\Florin\Desktop\SuperCat\SuperCat\Debug\link.10272-rc.write.1.tlog
C:\Users\Florin\Desktop\SuperCat\SuperCat\Debug\link.10272.read.1.tlog
C:\Users\Florin\Desktop\SuperCat\SuperCat\Debug\link.10272.write.1.tlog
C:\Users\Florin\Desktop\SuperCat\SuperCat\Debug\link.10464-cvtres.read.1.tlog
C:\Users\Florin\Desktop\SuperCat\SuperCat\Debug\link.10464-cvtres.write.1.tlog
C:\Users\Florin\Desktop\SuperCat\SuperCat\Debug\link.10464-rc.read.1.tlog
C:\Users\Florin\Desktop\SuperCat\SuperCat\Debug\link.10464-rc.write.1.tlog
C:\Users\Florin\Desktop\SuperCat\SuperCat\Debug\link.10464.read.1.tlog
C:\Users\Florin\Desktop\SuperCat\SuperCat\Debug\link.10464.write.1.tlog
C:\Users\Florin\Desktop\SuperCat\SuperCat\Debug\link.10656-cvtres.read.1.tlog
C:\Users\Florin\Desktop\SuperCat\SuperCat\Debug\link.10656-cvtres.write.1.tlog
C:\Users\Florin\Desktop\SuperCat\SuperCat\Debug\link.10656-rc.read.1.tlog
C:\Users\Florin\Desktop\SuperCat\SuperCat\Debug\link.10656-rc.write.1.tlog
C:\Users\Florin\Desktop\SuperCat\SuperCat\Debug\link.10656.read.1.tlog
C:\Users\Florin\Desktop\SuperCat\SuperCat\Debug\link.10656.write.1.tlog
C:\Users\Florin\Desktop\SuperCat\SuperCat\Debug\link.10980-cvtres.read.1.tlog
C:\Users\Florin\Desktop\SuperCat\SuperCat\Debug\link.10980-cvtres.write.1.tlog
C:\Users\Florin\Desktop\SuperCat\SuperCat\Debug\link.10980-rc.read.1.tlog
C:\Users\Florin\Desktop\SuperCat\SuperCat\Debug\link.10980-rc.write.1.tlog
C:\Users\Florin\Desktop\SuperCat\SuperCat\Debug\link.10980.read.1.tlog
C:\Users\Florin\Desktop\SuperCat\SuperCat\Debug\link.10980.write.1.tlog
C:\Users\Florin\Desktop\SuperCat\SuperCat\Debug\link.1600-cvtres.read.1.tlog
C:\Users\Florin\Desktop\SuperCat\SuperCat\Debug\link.1600-cvtres.write.1.tlog
C:\Users\Florin\Desktop\SuperCat\SuperCat\Debug\link.1600-rc.read.1.tlog
C:\Users\Florin\Desktop\SuperCat\SuperCat\Debug\link.1600-rc.write.1.tlog
C:\Users\Florin\Desktop\SuperCat\SuperCat\Debug\link.1600.read.1.tlog
C:\Users\Florin\Desktop\SuperCat\SuperCat\Debug\link.1600.write.1.tlog
C:\Users\Florin\Desktop\SuperCat\SuperCat\Debug\link.1916-cvtres.read.1.tlog
C:\Users\Florin\Desktop\SuperCat\SuperCat\Debug\link.1916-cvtres.write.1.tlog
C:\Users\Florin\Desktop\SuperCat\SuperCat\Debug\link.1916-rc.read.1.tlog
C:\Users\Florin\Desktop\SuperCat\SuperCat\Debug\link.1916-rc.write.1.tlog
C:\Users\Florin\Desktop\SuperCat\SuperCat\Debug\link.1916.read.1.tlog
C:\Users\Florin\Desktop\SuperCat\SuperCat\Debug\link.1916.write.1.tlog
C:\Users\Florin\Desktop\SuperCat\SuperCat\Debug\link.2564-cvtres.read.1.tlog
C:\Users\Florin\Desktop\SuperCat\SuperCat\Debug\link.2564-cvtres.write.1.tlog
C:\Users\Florin\Desktop\SuperCat\SuperCat\Debug\link.2564-rc.read.1.tlog
C:\Users\Florin\Desktop\SuperCat\SuperCat\Debug\link.2564-rc.write.1.tlog
C:\Users\Florin\Desktop\SuperCat\SuperCat\Debug\link.2564.read.1.tlog
C:\Users\Florin\Desktop\SuperCat\SuperCat\Debug\link.2564.write.1.tlog
C:\Users\Florin\Desktop\SuperCat\SuperCat\Debug\link.2800-cvtres.read.1.tlog
C:\Users\Florin\Desktop\SuperCat\SuperCat\Debug\link.2800-cvtres.write.1.tlog
C:\Users\Florin\Desktop\SuperCat\SuperCat\Debug\link.2800-rc.read.1.tlog
C:\Users\Florin\Desktop\SuperCat\SuperCat\Debug\link.2800-rc.write.1.tlog
C:\Users\Florin\Desktop\SuperCat\SuperCat\Debug\link.2800.read.1.tlog
C:\Users\Florin\Desktop\SuperCat\SuperCat\Debug\link.2800.write.1.tlog
C:\Users\Florin\Desktop\SuperCat\SuperCat\Debug\link.3404-cvtres.read.1.tlog
C:\Users\Florin\Desktop\SuperCat\SuperCat\Debug\link.3404-cvtres.write.1.tlog
C:\Users\Florin\Desktop\SuperCat\SuperCat\Debug\link.3404-rc.read.1.tlog
C:\Users\Florin\Desktop\SuperCat\SuperCat\Debug\link.3404-rc.write.1.tlog
C:\Users\Florin\Desktop\SuperCat\SuperCat\Debug\link.3404.read.1.tlog
C:\Users\Florin\Desktop\SuperCat\SuperCat\Debug\link.3404.write.1.tlog
C:\Users\Florin\Desktop\SuperCat\SuperCat\Debug\link.3672-cvtres.read.1.tlog
C:\Users\Florin\Desktop\SuperCat\SuperCat\Debug\link.3672-cvtres.write.1.tlog
C:\Users\Florin\Desktop\SuperCat\SuperCat\Debug\link.3672-rc.read.1.tlog
C:\Users\Florin\Desktop\SuperCat\SuperCat\Debug\link.3672-rc.write.1.tlog
C:\Users\Florin\Desktop\SuperCat\SuperCat\Debug\link.3672.read.1.tlog
C:\Users\Florin\Desktop\SuperCat\SuperCat\Debug\link.3672.write.1.tlog
C:\Users\Florin\Desktop\SuperCat\SuperCat\Debug\link.4056-cvtres.read.1.tlog
C:\Users\Florin\Desktop\SuperCat\SuperCat\Debug\link.4056-cvtres.write.1.tlog
C:\Users\Florin\Desktop\SuperCat\SuperCat\Debug\link.4056-rc.read.1.tlog
C:\Users\Florin\Desktop\SuperCat\SuperCat\Debug\link.4056-rc.write.1.tlog
C:\Users\Florin\Desktop\SuperCat\SuperCat\Debug\link.4056.read.1.tlog
C:\Users\Florin\Desktop\SuperCat\SuperCat\Debug\link.4056.write.1.tlog
C:\Users\Florin\Desktop\SuperCat\SuperCat\Debug\link.4716-cvtres.read.1.tlog
C:\Users\Florin\Desktop\SuperCat\SuperCat\Debug\link.4716-cvtres.write.1.tlog
C:\Users\Florin\Desktop\SuperCat\SuperCat\Debug\link.4716-rc.read.1.tlog
C:\Users\Florin\Desktop\SuperCat\SuperCat\Debug\link.4716-rc.write.1.tlog
C:\Users\Florin\Desktop\SuperCat\SuperCat\Debug\link.4716.read.1.tlog
C:\Users\Florin\Desktop\SuperCat\SuperCat\Debug\link.4716.write.1.tlog
C:\Users\Florin\Desktop\SuperCat\SuperCat\Debug\link.5132-cvtres.read.1.tlog
C:\Users\Florin\Desktop\SuperCat\SuperCat\Debug\link.5132-cvtres.write.1.tlog
C:\Users\Florin\Desktop\SuperCat\SuperCat\Debug\link.5132-rc.read.1.tlog
C:\Users\Florin\Desktop\SuperCat\SuperCat\Debug\link.5132-rc.write.1.tlog
C:\Users\Florin\Desktop\SuperCat\SuperCat\Debug\link.5132.read.1.tlog
C:\Users\Florin\Desktop\SuperCat\SuperCat\Debug\link.5132.write.1.tlog
C:\Users\Florin\Desktop\SuperCat\SuperCat\Debug\link.5396-cvtres.read.1.tlog
C:\Users\Florin\Desktop\SuperCat\SuperCat\Debug\link.5396-cvtres.write.1.tlog
C:\Users\Florin\Desktop\SuperCat\SuperCat\Debug\link.5396-rc.read.1.tlog
C:\Users\Florin\Desktop\SuperCat\SuperCat\Debug\link.5396-rc.write.1.tlog
C:\Users\Florin\Desktop\SuperCat\SuperCat\Debug\link.5396.read.1.tlog
C:\Users\Florin\Desktop\SuperCat\SuperCat\Debug\link.5396.write.1.tlog
C:\Users\Florin\Desktop\SuperCat\SuperCat\Debug\link.5956-cvtres.read.1.tlog
C:\Users\Florin\Desktop\SuperCat\SuperCat\Debug\link.5956-cvtres.write.1.tlog
C:\Users\Florin\Desktop\SuperCat\SuperCat\Debug\link.5956-rc.read.1.tlog
C:\Users\Florin\Desktop\SuperCat\SuperCat\Debug\link.5956-rc.write.1.tlog
C:\Users\Florin\Desktop\SuperCat\SuperCat\Debug\link.5956.read.1.tlog
C:\Users\Florin\Desktop\SuperCat\SuperCat\Debug\link.5956.write.1.tlog
C:\Users\Florin\Desktop\SuperCat\SuperCat\Debug\link.6092-cvtres.read.1.tlog
C:\Users\Florin\Desktop\SuperCat\SuperCat\Debug\link.6092-cvtres.write.1.tlog
C:\Users\Florin\Desktop\SuperCat\SuperCat\Debug\link.6092-rc.read.1.tlog
C:\Users\Florin\Desktop\SuperCat\SuperCat\Debug\link.6092-rc.write.1.tlog
C:\Users\Florin\Desktop\SuperCat\SuperCat\Debug\link.6092.read.1.tlog
C:\Users\Florin\Desktop\SuperCat\SuperCat\Debug\link.6092.write.1.tlog
C:\Users\Florin\Desktop\SuperCat\SuperCat\Debug\link.6240-cvtres.read.1.tlog
C:\Users\Florin\Desktop\SuperCat\SuperCat\Debug\link.6240-cvtres.write.1.tlog
C:\Users\Florin\Desktop\SuperCat\SuperCat\Debug\link.6240-rc.read.1.tlog
C:\Users\Florin\Desktop\SuperCat\SuperCat\Debug\link.6240-rc.write.1.tlog
C:\Users\Florin\Desktop\SuperCat\SuperCat\Debug\link.6240.read.1.tlog
C:\Users\Florin\Desktop\SuperCat\SuperCat\Debug\link.6240.write.1.tlog
C:\Users\Florin\Desktop\SuperCat\SuperCat\Debug\link.6448-cvtres.read.1.tlog
C:\Users\Florin\Desktop\SuperCat\SuperCat\Debug\link.6448-cvtres.write.1.tlog
C:\Users\Florin\Desktop\SuperCat\SuperCat\Debug\link.6448-rc.read.1.tlog
C:\Users\Florin\Desktop\SuperCat\SuperCat\Debug\link.6448-rc.write.1.tlog
C:\Users\Florin\Desktop\SuperCat\SuperCat\Debug\link.6448.read.1.tlog
C:\Users\Florin\Desktop\SuperCat\SuperCat\Debug\link.6448.write.1.tlog
C:\Users\Florin\Desktop\SuperCat\SuperCat\Debug\link.6528-cvtres.read.1.tlog
C:\Users\Florin\Desktop\SuperCat\SuperCat\Debug\link.6528-cvtres.write.1.tlog
C:\Users\Florin\Desktop\SuperCat\SuperCat\Debug\link.6528-rc.read.1.tlog
C:\Users\Florin\Desktop\SuperCat\SuperCat\Debug\link.6528-rc.write.1.tlog
C:\Users\Florin\Desktop\SuperCat\SuperCat\Debug\link.6528.read.1.tlog
C:\Users\Florin\Desktop\SuperCat\SuperCat\Debug\link.6528.write.1.tlog
C:\Users\Florin\Desktop\SuperCat\SuperCat\Debug\link.6604-cvtres.read.1.tlog
C:\Users\Florin\Desktop\SuperCat\SuperCat\Debug\link.6604-cvtres.write.1.tlog
C:\Users\Florin\Desktop\SuperCat\SuperCat\Debug\link.6604-rc.read.1.tlog
C:\Users\Florin\Desktop\SuperCat\SuperCat\Debug\link.6604-rc.write.1.tlog
C:\Users\Florin\Desktop\SuperCat\SuperCat\Debug\link.6604.read.1.tlog
C:\Users\Florin\Desktop\SuperCat\SuperCat\Debug\link.6604.write.1.tlog
C:\Users\Florin\Desktop\SuperCat\SuperCat\Debug\link.7080-cvtres.read.1.tlog
C:\Users\Florin\Desktop\SuperCat\SuperCat\Debug\link.7080-cvtres.write.1.tlog
C:\Users\Florin\Desktop\SuperCat\SuperCat\Debug\link.7080-rc.read.1.tlog
C:\Users\Florin\Desktop\SuperCat\SuperCat\Debug\link.7080-rc.write.1.tlog
C:\Users\Florin\Desktop\SuperCat\SuperCat\Debug\link.7080.read.1.tlog
C:\Users\Florin\Desktop\SuperCat\SuperCat\Debug\link.7080.write.1.tlog
C:\Users\Florin\Desktop\SuperCat\SuperCat\Debug\link.7236-cvtres.read.1.tlog
C:\Users\Florin\Desktop\SuperCat\SuperCat\Debug\link.7236-cvtres.write.1.tlog
C:\Users\Florin\Desktop\SuperCat\SuperCat\Debug\link.7236-rc.read.1.tlog
C:\Users\Florin\Desktop\SuperCat\SuperCat\Debug\link.7236-rc.write.1.tlog
C:\Users\Florin\Desktop\SuperCat\SuperCat\Debug\link.7236.read.1.tlog
C:\Users\Florin\Desktop\SuperCat\SuperCat\Debug\link.7236.write.1.tlog
C:\Users\Florin\Desktop\SuperCat\SuperCat\Debug\link.7408-cvtres.read.1.tlog
C:\Users\Florin\Desktop\SuperCat\SuperCat\Debug\link.7408-cvtres.write.1.tlog
C:\Users\Florin\Desktop\SuperCat\SuperCat\Debug\link.7408-rc.read.1.tlog
C:\Users\Florin\Desktop\SuperCat\SuperCat\Debug\link.7408-rc.write.1.tlog
C:\Users\Florin\Desktop\SuperCat\SuperCat\Debug\link.7408.read.1.tlog
C:\Users\Florin\Desktop\SuperCat\SuperCat\Debug\link.7408.write.1.tlog
C:\Users\Florin\Desktop\SuperCat\SuperCat\Debug\link.7568-cvtres.read.1.tlog
C:\Users\Florin\Desktop\SuperCat\SuperCat\Debug\link.7568-cvtres.write.1.tlog
C:\Users\Florin\Desktop\SuperCat\SuperCat\Debug\link.7568-rc.read.1.tlog
C:\Users\Florin\Desktop\SuperCat\SuperCat\Debug\link.7568-rc.write.1.tlog
C:\Users\Florin\Desktop\SuperCat\SuperCat\Debug\link.7568.read.1.tlog
C:\Users\Florin\Desktop\SuperCat\SuperCat\Debug\link.7568.write.1.tlog
C:\Users\Florin\Desktop\SuperCat\SuperCat\Debug\link.760-cvtres.read.1.tlog
C:\Users\Florin\Desktop\SuperCat\SuperCat\Debug\link.760-cvtres.write.1.tlog
C:\Users\Florin\Desktop\SuperCat\SuperCat\Debug\link.760-rc.read.1.tlog
C:\Users\Florin\Desktop\SuperCat\SuperCat\Debug\link.760-rc.write.1.tlog
C:\Users\Florin\Desktop\SuperCat\SuperCat\Debug\link.760.read.1.tlog
C:\Users\Florin\Desktop\SuperCat\SuperCat\Debug\link.760.write.1.tlog
C:\Users\Florin\Desktop\SuperCat\SuperCat\Debug\link.7608-cvtres.read.1.tlog
C:\Users\Florin\Desktop\SuperCat\SuperCat\Debug\link.7608-cvtres.write.1.tlog
C:\Users\Florin\Desktop\SuperCat\SuperCat\Debug\link.7608-rc.read.1.tlog
C:\Users\Florin\Desktop\SuperCat\SuperCat\Debug\link.7608-rc.write.1.tlog
C:\Users\Florin\Desktop\SuperCat\SuperCat\Debug\link.7608.read.1.tlog
C:\Users\Florin\Desktop\SuperCat\SuperCat\Debug\link.7608.write.1.tlog
C:\Users\Florin\Desktop\SuperCat\SuperCat\Debug\link.7632-cvtres.read.1.tlog
C:\Users\Florin\Desktop\SuperCat\SuperCat\Debug\link.7632-cvtres.write.1.tlog
C:\Users\Florin\Desktop\SuperCat\SuperCat\Debug\link.7632-rc.read.1.tlog
C:\Users\Florin\Desktop\SuperCat\SuperCat\Debug\link.7632-rc.write.1.tlog
C:\Users\Florin\Desktop\SuperCat\SuperCat\Debug\link.7632.read.1.tlog
C:\Users\Florin\Desktop\SuperCat\SuperCat\Debug\link.7632.write.1.tlog
C:\Users\Florin\Desktop\SuperCat\SuperCat\Debug\link.7768-cvtres.read.1.tlog
C:\Users\Florin\Desktop\SuperCat\SuperCat\Debug\link.7768-cvtres.write.1.tlog
C:\Users\Florin\Desktop\SuperCat\SuperCat\Debug\link.7768-rc.read.1.tlog
C:\Users\Florin\Desktop\SuperCat\SuperCat\Debug\link.7768-rc.write.1.tlog
C:\Users\Florin\Desktop\SuperCat\SuperCat\Debug\link.7768.read.1.tlog
C:\Users\Florin\Desktop\SuperCat\SuperCat\Debug\link.7768.write.1.tlog
C:\Users\Florin\Desktop\SuperCat\SuperCat\Debug\link.7852-cvtres.read.1.tlog
C:\Users\Florin\Desktop\SuperCat\SuperCat\Debug\link.7852-cvtres.write.1.tlog
C:\Users\Florin\Desktop\SuperCat\SuperCat\Debug\link.7852-rc.read.1.tlog
C:\Users\Florin\Desktop\SuperCat\SuperCat\Debug\link.7852-rc.write.1.tlog
C:\Users\Florin\Desktop\SuperCat\SuperCat\Debug\link.7852.read.1.tlog
C:\Users\Florin\Desktop\SuperCat\SuperCat\Debug\link.7852.write.1.tlog
C:\Users\Florin\Desktop\SuperCat\SuperCat\Debug\link.7940-cvtres.read.1.tlog
C:\Users\Florin\Desktop\SuperCat\SuperCat\Debug\link.7940-cvtres.write.1.tlog
C:\Users\Florin\Desktop\SuperCat\SuperCat\Debug\link.7940-rc.read.1.tlog
C:\Users\Florin\Desktop\SuperCat\SuperCat\Debug\link.7940-rc.write.1.tlog
C:\Users\Florin\Desktop\SuperCat\SuperCat\Debug\link.7940.read.1.tlog
C:\Users\Florin\Desktop\SuperCat\SuperCat\Debug\link.7940.write.1.tlog
C:\Users\Florin\Desktop\SuperCat\SuperCat\Debug\link.7972-cvtres.read.1.tlog
C:\Users\Florin\Desktop\SuperCat\SuperCat\Debug\link.7972-cvtres.write.1.tlog
C:\Users\Florin\Desktop\SuperCat\SuperCat\Debug\link.7972-rc.read.1.tlog
C:\Users\Florin\Desktop\SuperCat\SuperCat\Debug\link.7972-rc.write.1.tlog
C:\Users\Florin\Desktop\SuperCat\SuperCat\Debug\link.7972.read.1.tlog
C:\Users\Florin\Desktop\SuperCat\SuperCat\Debug\link.7972.write.1.tlog
C:\Users\Florin\Desktop\SuperCat\SuperCat\Debug\link.8008-cvtres.read.1.tlog
C:\Users\Florin\Desktop\SuperCat\SuperCat\Debug\link.8008-cvtres.write.1.tlog
C:\Users\Florin\Desktop\SuperCat\SuperCat\Debug\link.8008-rc.read.1.tlog
C:\Users\Florin\Desktop\SuperCat\SuperCat\Debug\link.8008-rc.write.1.tlog
C:\Users\Florin\Desktop\SuperCat\SuperCat\Debug\link.8008.read.1.tlog
C:\Users\Florin\Desktop\SuperCat\SuperCat\Debug\link.8008.write.1.tlog
C:\Users\Florin\Desktop\SuperCat\SuperCat\Debug\link.8140-cvtres.read.1.tlog
C:\Users\Florin\Desktop\SuperCat\SuperCat\Debug\link.8140-cvtres.write.1.tlog
C:\Users\Florin\Desktop\SuperCat\SuperCat\Debug\link.8140-rc.read.1.tlog
C:\Users\Florin\Desktop\SuperCat\SuperCat\Debug\link.8140-rc.write.1.tlog
C:\Users\Florin\Desktop\SuperCat\SuperCat\Debug\link.8140.read.1.tlog
C:\Users\Florin\Desktop\SuperCat\SuperCat\Debug\link.8140.write.1.tlog
C:\Users\Florin\Desktop\SuperCat\SuperCat\Debug\link.9732-cvtres.read.1.tlog
C:\Users\Florin\Desktop\SuperCat\SuperCat\Debug\link.9732-cvtres.write.1.tlog
C:\Users\Florin\Desktop\SuperCat\SuperCat\Debug\link.9732-rc.read.1.tlog
C:\Users\Florin\Desktop\SuperCat\SuperCat\Debug\link.9732-rc.write.1.tlog
C:\Users\Florin\Desktop\SuperCat\SuperCat\Debug\link.9732.read.1.tlog
C:\Users\Florin\Desktop\SuperCat\SuperCat\Debug\link.9732.write.1.tlog
C:\Users\Florin\Desktop\SuperCat\SuperCat\Debug\link.9932-cvtres.read.1.tlog
C:\Users\Florin\Desktop\SuperCat\SuperCat\Debug\link.9932-cvtres.write.1.tlog
C:\Users\Florin\Desktop\SuperCat\SuperCat\Debug\link.9932-rc.read.1.tlog
C:\Users\Florin\Desktop\SuperCat\SuperCat\Debug\link.9932-rc.write.1.tlog
C:\Users\Florin\Desktop\SuperCat\SuperCat\Debug\link.9932.read.1.tlog
C:\Users\Florin\Desktop\SuperCat\SuperCat\Debug\link.9932.write.1.tlog
C:\Users\Florin\Desktop\SuperCat\SuperCat\Debug\link.command.1.tlog
C:\Users\Florin\Desktop\SuperCat\SuperCat\Debug\link.read.1.tlog
C:\Users\Florin\Desktop\SuperCat\SuperCat\Debug\link.write.1.tlog
C:\Users\Florin\Desktop\SuperCat\SuperCat\Debug\vc110.idb
C:\Users\Florin\Desktop\SuperCat\SuperCat\Debug\vc110.pdb
C:\Users\Florin\Desktop\SuperCat\Debug\SuperCat.pdb
C:\Users\Florin\Desktop\SuperCat\Debug\SuperCat.exe
C:\Users\Florin\Desktop\SuperCat\Debug\SuperCat.ilk
